<?xml version="1.0" encoding="UTF-8" ?>
<testsuite errors="0" failures="0" hostname="DESKTOP-UDE9G54" name="simpledb.HeapPageReadTest" skipped="0" tests="4" time="0.115" timestamp="2023-05-11T11:40:44">
  <properties>
    <property name="testd" value="G:\IDEA\project\acmdb-lab1\acmdb-lab1\test" />
    <property name="ant.library.dir" value="G:\IDEA\IntelliJ IDEA Community Edition 2022.2.3\lib\ant\lib" />
    <property name="sourceversion" value="1.8" />
    <property name="ant.file.type" value="file" />
    <property name="java.specification.version" value="19" />
    <property name="lib" value="G:\IDEA\project\acmdb-lab1\acmdb-lab1\lib" />
    <property name="ant.project.name" value="simpledb" />
    <property name="sun.cpu.isalist" value="amd64" />
    <property name="sun.jnu.encoding" value="GBK" />
    <property name="java.class.path" value="G:\IDEA\project\acmdb-lab1\acmdb-lab1\bin\src;G:\IDEA\project\acmdb-lab1\acmdb-lab1\bin\test;G:\IDEA\project\acmdb-lab1\acmdb-lab1\lib\junit-4.5.jar;G:\IDEA\project\acmdb-lab1\acmdb-lab1;G:\IDEA\IntelliJ IDEA Community Edition 2022.2.3\lib\ant\lib\ant.jar" />
    <property name="dist" value="G:\IDEA\project\acmdb-lab1\acmdb-lab1\dist" />
    <property name="build.src" value="G:\IDEA\project\acmdb-lab1\acmdb-lab1\bin\src" />
    <property name="java.vm.vendor" value="Oracle Corporation" />
    <property name="ant.file.simpledb" value="G:\IDEA\project\acmdb-lab1\acmdb-lab1\build.xml" />
    <property name="sun.arch.data.model" value="64" />
    <property name="test.reports" value="G:\IDEA\project\acmdb-lab1\acmdb-lab1\testreport" />
    <property name="compile.debug" value="true" />
    <property name="user.variant" value="" />
    <property name="java.vendor.url" value="https://java.oracle.com/" />
    <property name="java.vm.specification.version" value="19" />
    <property name="os.name" value="Windows 11" />
    <property name="sun.java.launcher" value="SUN_STANDARD" />
    <property name="user.country" value="CN" />
    <property name="sun.boot.library.path" value="G:\java_jdk\bin" />
    <property name="sun.java.command" value="org.apache.tools.ant.taskdefs.optional.junit.JUnitTestRunner simpledb.HeapPageReadTest skipNonTests=false filtertrace=true haltOnError=false haltOnFailure=false formatter=org.apache.tools.ant.taskdefs.optional.junit.SummaryJUnitResultFormatter showoutput=false outputtoformatters=true logfailedtests=true threadid=0 logtestlistenerevents=false formatter=org.apache.tools.ant.taskdefs.optional.junit.PlainJUnitResultFormatter formatter=org.apache.tools.ant.taskdefs.optional.junit.XMLJUnitResultFormatter,G:\IDEA\project\acmdb-lab1\acmdb-lab1\testreport\TEST-simpledb.HeapPageReadTest.xml formatter=org.apache.tools.ant.taskdefs.optional.junit.PlainJUnitResultFormatter,G:\IDEA\project\acmdb-lab1\acmdb-lab1\testreport\TEST-simpledb.HeapPageReadTest.txt crashfile=G:\IDEA\project\acmdb-lab1\acmdb-lab1\junitvmwatcher16523203821244458277.properties propsfile=G:\IDEA\project\acmdb-lab1\acmdb-lab1\junit12025688565574633344.properties" />
    <property name="jdk.debug" value="release" />
    <property name="sun.cpu.endian" value="little" />
    <property name="user.home" value="C:\Users\Administrator" />
    <property name="user.language" value="zh" />
    <property name="sun.stderr.encoding" value="UTF-8" />
    <property name="java.specification.vendor" value="Oracle Corporation" />
    <property name="java.version.date" value="2022-10-18" />
    <property name="java.home" value="G:\java_jdk" />
    <property name="basedir" value="G:\IDEA\project\acmdb-lab1\acmdb-lab1" />
    <property name="file.separator" value="\" />
    <property name="java.vm.compressedOopsMode" value="32-bit" />
    <property name="line.separator" value="&#xd;&#xa;" />
    <property name="sun.stdout.encoding" value="UTF-8" />
    <property name="ant.java.version" value="19" />
    <property name="java.specification.name" value="Java Platform API Specification" />
    <property name="java.vm.specification.vendor" value="Oracle Corporation" />
    <property name="doc" value="G:\IDEA\project\acmdb-lab1\acmdb-lab1\javadoc" />
    <property name="user.script" value="" />
    <property name="sun.management.compiler" value="HotSpot 64-Bit Tiered Compilers" />
    <property name="jarfile" value="G:\IDEA\project\acmdb-lab1\acmdb-lab1\dist\simpledb.jar" />
    <property name="java.runtime.version" value="19.0.1+10-21" />
    <property name="user.name" value="Administrator" />
    <property name="ant.file" value="G:\IDEA\project\acmdb-lab1\acmdb-lab1\build.xml" />
    <property name="stdout.encoding" value="GBK" />
    <property name="path.separator" value=";" />
    <property name="os.version" value="10.0" />
    <property name="build.test" value="G:\IDEA\project\acmdb-lab1\acmdb-lab1\bin\test" />
    <property name="java.runtime.name" value="Java(TM) SE Runtime Environment" />
    <property name="file.encoding" value="UTF-8" />
    <property name="ant.project.invoked-targets" value="test-report" />
    <property name="java.vm.name" value="Java HotSpot(TM) 64-Bit Server VM" />
    <property name="depcache" value="G:\IDEA\project\acmdb-lab1\acmdb-lab1\bin\depcache" />
    <property name="ant.core.lib" value="G:\IDEA\IntelliJ IDEA Community Edition 2022.2.3\lib\ant\lib\ant.jar" />
    <property name="java.vendor.url.bug" value="https://bugreport.java.com/bugreport/" />
    <property name="java.io.tmpdir" value="C:\Users\ADMINI~1\AppData\Local\Temp\" />
    <property name="java.version" value="19.0.1" />
    <property name="src" value="G:\IDEA\project\acmdb-lab1\acmdb-lab1\src" />
    <property name="user.dir" value="G:\IDEA\project\acmdb-lab1\acmdb-lab1" />
    <property name="os.arch" value="amd64" />
    <property name="java.vm.specification.name" value="Java Virtual Machine Specification" />
    <property name="ant.home" value="G:\IDEA\IntelliJ IDEA Community Edition 2022.2.3\lib\ant" />
    <property name="ant.file.type.simpledb" value="file" />
    <property name="sun.os.patch.level" value="" />
    <property name="native.encoding" value="GBK" />
    <property name="ant.version" value="Apache Ant(TM) version 1.10.5 compiled on July 10 2018" />
    <property name="java.library.path" value="G:\java_jdk\bin;C:\WINDOWS\Sun\Java\bin;C:\WINDOWS\system32;C:\WINDOWS;G:\java_jdk\bin;G:\Patran Nastran\Patran Nastran2019\nastran\bin;G:\SIMULIA\Commands;G:\AbaqusCAE\SIMULIA\Commands;G:\AbaqusCAE\SIMULIA;C:\Program Files\Microsoft MPI\Bin\;C:\Windows\system32;C:\Windows;C:\Windows\System32\Wbem;C:\Windows\System32\WindowsPowerShell\v1.0\;C:\Windows\System32\OpenSSH\;F:\MatLab\bin;C:\Program Files (x86)\NVIDIA Corporation\PhysX\Common;G:\TDM-GCC-64\bin;C:\WINDOWS\system32;C:\WINDOWS;C:\WINDOWS\System32\Wbem;C:\WINDOWS\System32\WindowsPowerShell\v1.0\;C:\WINDOWS\System32\OpenSSH\;C:\Program Files (x86)\Windows Kits\8.1\Windows Performance Toolkit\;C:\Program Files\NVIDIA Corporation\NVIDIA NvDLISR;G:\java_jdk\jre\bin;C:\WINDOWS\system32;C:\WINDOWS;C:\WINDOWS\System32\Wbem;C:\WINDOWS\System32\WindowsPowerShell\v1.0\;C:\WINDOWS\System32\OpenSSH\;G:\matlab\runtime\win64;G:\matlab\bin;C:\Program Files\MySQL\MySQL Server 8.0\bin;D:\matlabApp\R2022b\runtime\win64;C:\Program Files\MySQL\MySQL Shell 8.0\bin\;C:\Users\Administrator\AppData\Local\Microsoft\WindowsApps;E:\Microsoft VS Code\bin;D:\qqgame\Hall.57773\;C:\Users\Administrator\.dotnet\tools;G:\IDEA\IntelliJ IDEA Community Edition 2022.2.3\bin;;;." />
    <property name="java.vm.info" value="mixed mode, sharing" />
    <property name="java.vendor" value="Oracle Corporation" />
    <property name="stderr.encoding" value="GBK" />
    <property name="build" value="G:\IDEA\project\acmdb-lab1\acmdb-lab1\bin" />
    <property name="java.vm.version" value="19.0.1+10-21" />
    <property name="sun.io.unicode.encoding" value="UnicodeLittle" />
    <property name="java.class.version" value="63.0" />
    <property name="ant.project.default-target" value="dist" />
  </properties>
  <testcase classname="simpledb.HeapPageReadTest" name="getId" time="0.02" />
  <testcase classname="simpledb.HeapPageReadTest" name="getSlot" time="0.001" />
  <testcase classname="simpledb.HeapPageReadTest" name="testIterator" time="0.001" />
  <testcase classname="simpledb.HeapPageReadTest" name="getNumEmptySlots" time="0.001" />
  <system-out><![CDATA[]]></system-out>
  <system-err><![CDATA[]]></system-err>
</testsuite>
